This is pdfTeX, Version 3.14159265-2.6-1.40.21 (MiKTeX 2.9.7350 64-bit) (preloaded format=pdflatex 2020.4.20)  13 JAN 2022 16:57
entering extended mode
**c:/Users/micha/Desktop/Research/Phys-437A/Presentation/Bouliane_Presentation.tex
(c:/Users/micha/Desktop/Research/Phys-437A/Presentation/Bouliane_Presentation.tex
LaTeX2e <2020-02-02> patch level 5
L3 programming layer <2020-03-06> ("C:\Users\micha\AppData\Local\Programs\MiKTeX 2.9\tex/latex/beamer\beamer.cls"
Document Class: beamer 2020/07/22 v3.59 A class for typesetting presentations
("C:\Users\micha\AppData\Local\Programs\MiKTeX 2.9\tex/latex/beamer\beamerbasemodes.sty" ("C:\Users\micha\AppData\Local\Programs\MiKTeX 2.9\tex/latex/etoolbox\etoolbox.sty"
Package: etoolbox 2019/09/21 v2.5h e-TeX tools for LaTeX (JAW)
\etb@tempcnta=\count167
)
\beamer@tempbox=\box45
\beamer@tempcount=\count168
\c@beamerpauses=\count169
 ("C:\Users\micha\AppData\Local\Programs\MiKTeX 2.9\tex/latex/beamer\beamerbasedecode.sty"
\beamer@slideinframe=\count170
\beamer@minimum=\count171
\beamer@decode@box=\box46
)
\beamer@commentbox=\box47
\beamer@modecount=\count172
) ("C:\Users\micha\AppData\Local\Programs\MiKTeX 2.9\tex/generic/iftex\ifpdf.sty"
Package: ifpdf 2019/10/25 v3.4 ifpdf legacy package. Use iftex instead.
 ("C:\Users\micha\AppData\Local\Programs\MiKTeX 2.9\tex/generic/iftex\iftex.sty"
Package: iftex 2020/03/06 v1.0d TeX engine tests
))
\headdp=\dimen134
\footheight=\dimen135
\sidebarheight=\dimen136
\beamer@tempdim=\dimen137
\beamer@finalheight=\dimen138
\beamer@animht=\dimen139
\beamer@animdp=\dimen140
\beamer@animwd=\dimen141
\beamer@leftmargin=\dimen142
\beamer@rightmargin=\dimen143
\beamer@leftsidebar=\dimen144
\beamer@rightsidebar=\dimen145
\beamer@boxsize=\dimen146
\beamer@vboxoffset=\dimen147
\beamer@descdefault=\dimen148
\beamer@descriptionwidth=\dimen149
\beamer@lastskip=\skip47
\beamer@areabox=\box48
\beamer@animcurrent=\box49
\beamer@animshowbox=\box50
\beamer@sectionbox=\box51
\beamer@logobox=\box52
\beamer@linebox=\box53
\beamer@sectioncount=\count173
\beamer@subsubsectionmax=\count174
\beamer@subsectionmax=\count175
\beamer@sectionmax=\count176
\beamer@totalheads=\count177
\beamer@headcounter=\count178
\beamer@partstartpage=\count179
\beamer@sectionstartpage=\count180
\beamer@subsectionstartpage=\count181
\beamer@animationtempa=\count182
\beamer@animationtempb=\count183
\beamer@xpos=\count184
\beamer@ypos=\count185
\beamer@ypos@offset=\count186
\beamer@showpartnumber=\count187
\beamer@currentsubsection=\count188
\beamer@coveringdepth=\count189
\beamer@sectionadjust=\count190
\beamer@tocsectionnumber=\count191
 ("C:\Users\micha\AppData\Local\Programs\MiKTeX 2.9\tex/latex/beamer\beamerbaseoptions.sty" ("C:\Users\micha\AppData\Local\Programs\MiKTeX 2.9\tex/latex/graphics\keyval.sty"
Package: keyval 2014/10/28 v1.15 key=value parser (DPC)
\KV@toks@=\toks15
))
\beamer@paperwidth=\skip48
\beamer@paperheight=\skip49
 ("C:\Users\micha\AppData\Local\Programs\MiKTeX 2.9\tex/latex/geometry\geometry.sty"
Package: geometry 2020/01/02 v5.9 Page Geometry
 ("C:\Users\micha\AppData\Local\Programs\MiKTeX 2.9\tex/generic/iftex\ifvtex.sty"
Package: ifvtex 2019/10/25 v1.7 ifvtex legacy package. Use iftex instead.
)
\Gm@cnth=\count192
\Gm@cntv=\count193
\c@Gm@tempcnt=\count194
\Gm@bindingoffset=\dimen150
\Gm@wd@mp=\dimen151
\Gm@odd@mp=\dimen152
\Gm@even@mp=\dimen153
\Gm@layoutwidth=\dimen154
\Gm@layoutheight=\dimen155
\Gm@layouthoffset=\dimen156
\Gm@layoutvoffset=\dimen157
\Gm@dimlist=\toks16
 ("C:\Users\micha\AppData\Local\Programs\MiKTeX 2.9\tex/latex/geometry\geometry.cfg")) ("C:\Users\micha\AppData\Local\Programs\MiKTeX 2.9\tex/latex/base\size12.clo"
File: size12.clo 2019/12/20 v1.4l Standard LaTeX file (size option)
) ("C:\Users\micha\AppData\Local\Programs\MiKTeX 2.9\tex/latex/pgf/basiclayer\pgfcore.sty" ("C:\Users\micha\AppData\Local\Programs\MiKTeX 2.9\tex/latex/graphics\graphicx.sty"
Package: graphicx 2019/11/30 v1.2a Enhanced LaTeX Graphics (DPC,SPQR)
 ("C:\Users\micha\AppData\Local\Programs\MiKTeX 2.9\tex/latex/graphics\graphics.sty"
Package: graphics 2019/11/30 v1.4a Standard LaTeX Graphics (DPC,SPQR)
 ("C:\Users\micha\AppData\Local\Programs\MiKTeX 2.9\tex/latex/graphics\trig.sty"
Package: trig 2016/01/03 v1.10 sin cos tan (DPC)
) ("C:\Users\micha\AppData\Local\Programs\MiKTeX 2.9\tex/latex/graphics-cfg\graphics.cfg"
File: graphics.cfg 2016/06/04 v1.11 sample graphics configuration
)
Package graphics Info: Driver file: pdftex.def on input line 105.
 ("C:\Users\micha\AppData\Local\Programs\MiKTeX 2.9\tex/latex/graphics-def\pdftex.def"
File: pdftex.def 2018/01/08 v1.0l Graphics/color driver for pdftex
))
\Gin@req@height=\dimen158
\Gin@req@width=\dimen159
) ("C:\Users\micha\AppData\Local\Programs\MiKTeX 2.9\tex/latex/pgf/systemlayer\pgfsys.sty" ("C:\Users\micha\AppData\Local\Programs\MiKTeX 2.9\tex/latex/pgf/utilities\pgfrcs.sty" ("C:\Users\micha\AppData\Local\Programs\MiKTeX 2.9\tex/generic/pgf/utilities\pgfutil-common.tex"
\pgfutil@everybye=\toks17
\pgfutil@tempdima=\dimen160
\pgfutil@tempdimb=\dimen161
 ("C:\Users\micha\AppData\Local\Programs\MiKTeX 2.9\tex/generic/pgf/utilities\pgfutil-common-lists.tex")) ("C:\Users\micha\AppData\Local\Programs\MiKTeX 2.9\tex/generic/pgf/utilities\pgfutil-latex.def"
\pgfutil@abb=\box54
 ("C:\Users\micha\AppData\Local\Programs\MiKTeX 2.9\tex/latex/ms\everyshi.sty"
Package: everyshi 2001/05/15 v3.00 EveryShipout Package (MS)
)) ("C:\Users\micha\AppData\Local\Programs\MiKTeX 2.9\tex/generic/pgf/utilities\pgfrcs.code.tex" ("C:\Users\micha\AppData\Local\Programs\MiKTeX 2.9\tex/generic/pgf\pgf.revision.tex")
Package: pgfrcs 2020/01/08 v3.1.5b (3.1.5b)
)) ("C:\Users\micha\AppData\Local\Programs\MiKTeX 2.9\tex/generic/pgf/systemlayer\pgfsys.code.tex"
Package: pgfsys 2020/01/08 v3.1.5b (3.1.5b)
 ("C:\Users\micha\AppData\Local\Programs\MiKTeX 2.9\tex/generic/pgf/utilities\pgfkeys.code.tex"
\pgfkeys@pathtoks=\toks18
\pgfkeys@temptoks=\toks19
 ("C:\Users\micha\AppData\Local\Programs\MiKTeX 2.9\tex/generic/pgf/utilities\pgfkeysfiltered.code.tex"
\pgfkeys@tmptoks=\toks20
))
\pgf@x=\dimen162
\pgf@y=\dimen163
\pgf@xa=\dimen164
\pgf@ya=\dimen165
\pgf@xb=\dimen166
\pgf@yb=\dimen167
\pgf@xc=\dimen168
\pgf@yc=\dimen169
\pgf@xd=\dimen170
\pgf@yd=\dimen171
\w@pgf@writea=\write3
\r@pgf@reada=\read2
\c@pgf@counta=\count195
\c@pgf@countb=\count196
\c@pgf@countc=\count197
\c@pgf@countd=\count198
\t@pgf@toka=\toks21
\t@pgf@tokb=\toks22
\t@pgf@tokc=\toks23
\pgf@sys@id@count=\count199
 ("C:\Users\micha\AppData\Local\Programs\MiKTeX 2.9\tex/generic/pgf/systemlayer\pgf.cfg"
File: pgf.cfg 2020/01/08 v3.1.5b (3.1.5b)
)
Driver file for pgf: pgfsys-pdftex.def
 ("C:\Users\micha\AppData\Local\Programs\MiKTeX 2.9\tex/generic/pgf/systemlayer\pgfsys-pdftex.def"
File: pgfsys-pdftex.def 2020/01/08 v3.1.5b (3.1.5b)
 ("C:\Users\micha\AppData\Local\Programs\MiKTeX 2.9\tex/generic/pgf/systemlayer\pgfsys-common-pdf.def"
File: pgfsys-common-pdf.def 2020/01/08 v3.1.5b (3.1.5b)
))) ("C:\Users\micha\AppData\Local\Programs\MiKTeX 2.9\tex/generic/pgf/systemlayer\pgfsyssoftpath.code.tex"
File: pgfsyssoftpath.code.tex 2020/01/08 v3.1.5b (3.1.5b)
\pgfsyssoftpath@smallbuffer@items=\count266
\pgfsyssoftpath@bigbuffer@items=\count267
) ("C:\Users\micha\AppData\Local\Programs\MiKTeX 2.9\tex/generic/pgf/systemlayer\pgfsysprotocol.code.tex"
File: pgfsysprotocol.code.tex 2020/01/08 v3.1.5b (3.1.5b)
)) ("C:\Users\micha\AppData\Local\Programs\MiKTeX 2.9\tex/latex/xcolor\xcolor.sty"
Package: xcolor 2016/05/11 v2.12 LaTeX color extensions (UK)
 ("C:\Users\micha\AppData\Local\Programs\MiKTeX 2.9\tex/latex/graphics-cfg\color.cfg"
File: color.cfg 2016/01/02 v1.6 sample color configuration
)
Package xcolor Info: Driver file: pdftex.def on input line 225.
Package xcolor Info: Model `cmy' substituted by `cmy0' on input line 1348.
Package xcolor Info: Model `hsb' substituted by `rgb' on input line 1352.
Package xcolor Info: Model `RGB' extended on input line 1364.
Package xcolor Info: Model `HTML' substituted by `rgb' on input line 1366.
Package xcolor Info: Model `Hsb' substituted by `hsb' on input line 1367.
Package xcolor Info: Model `tHsb' substituted by `hsb' on input line 1368.
Package xcolor Info: Model `HSB' substituted by `hsb' on input line 1369.
Package xcolor Info: Model `Gray' substituted by `gray' on input line 1370.
Package xcolor Info: Model `wave' substituted by `hsb' on input line 1371.
) ("C:\Users\micha\AppData\Local\Programs\MiKTeX 2.9\tex/generic/pgf/basiclayer\pgfcore.code.tex"
Package: pgfcore 2020/01/08 v3.1.5b (3.1.5b)
 ("C:\Users\micha\AppData\Local\Programs\MiKTeX 2.9\tex/generic/pgf/math\pgfmath.code.tex" ("C:\Users\micha\AppData\Local\Programs\MiKTeX 2.9\tex/generic/pgf/math\pgfmathcalc.code.tex" ("C:\Users\micha\AppData\Local\Programs\MiKTeX 2.9\tex/generic/pgf/math\pgfmathutil.code.tex") ("C:\Users\micha\AppData\Local\Programs\MiKTeX 2.9\tex/generic/pgf/math\pgfmathparser.code.tex"
\pgfmath@dimen=\dimen172
\pgfmath@count=\count268
\pgfmath@box=\box55
\pgfmath@toks=\toks24
\pgfmath@stack@operand=\toks25
\pgfmath@stack@operation=\toks26
) ("C:\Users\micha\AppData\Local\Programs\MiKTeX 2.9\tex/generic/pgf/math\pgfmathfunctions.code.tex" ("C:\Users\micha\AppData\Local\Programs\MiKTeX 2.9\tex/generic/pgf/math\pgfmathfunctions.basic.code.tex") ("C:\Users\micha\AppData\Local\Programs\MiKTeX 2.9\tex/generic/pgf/math\pgfmathfunctions.trigonometric.code.tex") ("C:\Users\micha\AppData\Local\Programs\MiKTeX 2.9\tex/generic/pgf/math\pgfmathfunctions.random.code.tex") ("C:\Users\micha\AppData\Local\Programs\MiKTeX 2.9\tex/generic/pgf/math\pgfmathfunctions.comparison.code.tex") ("C:\Users\micha\AppData\Local\Programs\MiKTeX 2.9\tex/generic/pgf/math\pgfmathfunctions.base.code.tex") ("C:\Users\micha\AppData\Local\Programs\MiKTeX 2.9\tex/generic/pgf/math\pgfmathfunctions.round.code.tex") ("C:\Users\micha\AppData\Local\Programs\MiKTeX 2.9\tex/generic/pgf/math\pgfmathfunctions.misc.code.tex") ("C:\Users\micha\AppData\Local\Programs\MiKTeX 2.9\tex/generic/pgf/math\pgfmathfunctions.integerarithmetics.code.tex"))) ("C:\Users\micha\AppData\Local\Programs\MiKTeX 2.9\tex/generic/pgf/math\pgfmathfloat.code.tex"
\c@pgfmathroundto@lastzeros=\count269
)) ("C:\Users\micha\AppData\Local\Programs\MiKTeX 2.9\tex/generic/pgf/math\pgfint.code.tex") ("C:\Users\micha\AppData\Local\Programs\MiKTeX 2.9\tex/generic/pgf/basiclayer\pgfcorepoints.code.tex"
File: pgfcorepoints.code.tex 2020/01/08 v3.1.5b (3.1.5b)
\pgf@picminx=\dimen173
\pgf@picmaxx=\dimen174
\pgf@picminy=\dimen175
\pgf@picmaxy=\dimen176
\pgf@pathminx=\dimen177
\pgf@pathmaxx=\dimen178
\pgf@pathminy=\dimen179
\pgf@pathmaxy=\dimen180
\pgf@xx=\dimen181
\pgf@xy=\dimen182
\pgf@yx=\dimen183
\pgf@yy=\dimen184
\pgf@zx=\dimen185
\pgf@zy=\dimen186
) ("C:\Users\micha\AppData\Local\Programs\MiKTeX 2.9\tex/generic/pgf/basiclayer\pgfcorepathconstruct.code.tex"
File: pgfcorepathconstruct.code.tex 2020/01/08 v3.1.5b (3.1.5b)
\pgf@path@lastx=\dimen187
\pgf@path@lasty=\dimen188
) ("C:\Users\micha\AppData\Local\Programs\MiKTeX 2.9\tex/generic/pgf/basiclayer\pgfcorepathusage.code.tex"
File: pgfcorepathusage.code.tex 2020/01/08 v3.1.5b (3.1.5b)
\pgf@shorten@end@additional=\dimen189
\pgf@shorten@start@additional=\dimen190
) ("C:\Users\micha\AppData\Local\Programs\MiKTeX 2.9\tex/generic/pgf/basiclayer\pgfcorescopes.code.tex"
File: pgfcorescopes.code.tex 2020/01/08 v3.1.5b (3.1.5b)
\pgfpic=\box56
\pgf@hbox=\box57
\pgf@layerbox@main=\box58
\pgf@picture@serial@count=\count270
) ("C:\Users\micha\AppData\Local\Programs\MiKTeX 2.9\tex/generic/pgf/basiclayer\pgfcoregraphicstate.code.tex"
File: pgfcoregraphicstate.code.tex 2020/01/08 v3.1.5b (3.1.5b)
\pgflinewidth=\dimen191
) ("C:\Users\micha\AppData\Local\Programs\MiKTeX 2.9\tex/generic/pgf/basiclayer\pgfcoretransformations.code.tex"
File: pgfcoretransformations.code.tex 2020/01/08 v3.1.5b (3.1.5b)
\pgf@pt@x=\dimen192
\pgf@pt@y=\dimen193
\pgf@pt@temp=\dimen194
) ("C:\Users\micha\AppData\Local\Programs\MiKTeX 2.9\tex/generic/pgf/basiclayer\pgfcorequick.code.tex"
File: pgfcorequick.code.tex 2020/01/08 v3.1.5b (3.1.5b)
) ("C:\Users\micha\AppData\Local\Programs\MiKTeX 2.9\tex/generic/pgf/basiclayer\pgfcoreobjects.code.tex"
File: pgfcoreobjects.code.tex 2020/01/08 v3.1.5b (3.1.5b)
) ("C:\Users\micha\AppData\Local\Programs\MiKTeX 2.9\tex/generic/pgf/basiclayer\pgfcorepathprocessing.code.tex"
File: pgfcorepathprocessing.code.tex 2020/01/08 v3.1.5b (3.1.5b)
) ("C:\Users\micha\AppData\Local\Programs\MiKTeX 2.9\tex/generic/pgf/basiclayer\pgfcorearrows.code.tex"
File: pgfcorearrows.code.tex 2020/01/08 v3.1.5b (3.1.5b)
\pgfarrowsep=\dimen195
) ("C:\Users\micha\AppData\Local\Programs\MiKTeX 2.9\tex/generic/pgf/basiclayer\pgfcoreshade.code.tex"
File: pgfcoreshade.code.tex 2020/01/08 v3.1.5b (3.1.5b)
\pgf@max=\dimen196
\pgf@sys@shading@range@num=\count271
\pgf@shadingcount=\count272
) ("C:\Users\micha\AppData\Local\Programs\MiKTeX 2.9\tex/generic/pgf/basiclayer\pgfcoreimage.code.tex"
File: pgfcoreimage.code.tex 2020/01/08 v3.1.5b (3.1.5b)
 ("C:\Users\micha\AppData\Local\Programs\MiKTeX 2.9\tex/generic/pgf/basiclayer\pgfcoreexternal.code.tex"
File: pgfcoreexternal.code.tex 2020/01/08 v3.1.5b (3.1.5b)
\pgfexternal@startupbox=\box59
)) ("C:\Users\micha\AppData\Local\Programs\MiKTeX 2.9\tex/generic/pgf/basiclayer\pgfcorelayers.code.tex"
File: pgfcorelayers.code.tex 2020/01/08 v3.1.5b (3.1.5b)
) ("C:\Users\micha\AppData\Local\Programs\MiKTeX 2.9\tex/generic/pgf/basiclayer\pgfcoretransparency.code.tex"
File: pgfcoretransparency.code.tex 2020/01/08 v3.1.5b (3.1.5b)
) ("C:\Users\micha\AppData\Local\Programs\MiKTeX 2.9\tex/generic/pgf/basiclayer\pgfcorepatterns.code.tex"
File: pgfcorepatterns.code.tex 2020/01/08 v3.1.5b (3.1.5b)
) ("C:\Users\micha\AppData\Local\Programs\MiKTeX 2.9\tex/generic/pgf/basiclayer\pgfcorerdf.code.tex"
File: pgfcorerdf.code.tex 2020/01/08 v3.1.5b (3.1.5b)
))) ("C:\Users\micha\AppData\Local\Programs\MiKTeX 2.9\tex/latex/pgf/utilities\xxcolor.sty"
Package: xxcolor 2003/10/24 ver 0.1
\XC@nummixins=\count273
\XC@countmixins=\count274
) ("C:\Users\micha\AppData\Local\Programs\MiKTeX 2.9\tex/generic/atbegshi\atbegshi.sty"
Package: atbegshi 2019/12/05 v1.19 At begin shipout hook (HO)
 ("C:\Users\micha\AppData\Local\Programs\MiKTeX 2.9\tex/generic/infwarerr\infwarerr.sty"
Package: infwarerr 2019/12/03 v1.5 Providing info/warning/error messages (HO)
) ("C:\Users\micha\AppData\Local\Programs\MiKTeX 2.9\tex/generic/ltxcmds\ltxcmds.sty"
Package: ltxcmds 2019/12/15 v1.24 LaTeX kernel commands for general use (HO)
)) ("C:\Users\micha\AppData\Local\Programs\MiKTeX 2.9\tex/latex/hyperref\hyperref.sty"
Package: hyperref 2020/01/14 v7.00d Hypertext links for LaTeX
 ("C:\Users\micha\AppData\Local\Programs\MiKTeX 2.9\tex/latex/pdftexcmds\pdftexcmds.sty"
Package: pdftexcmds 2019/11/24 v0.31 Utility functions of pdfTeX for LuaTeX (HO)
Package pdftexcmds Info: \pdf@primitive is available.
Package pdftexcmds Info: \pdf@ifprimitive is available.
Package pdftexcmds Info: \pdfdraftmode found.
) ("C:\Users\micha\AppData\Local\Programs\MiKTeX 2.9\tex/generic/kvsetkeys\kvsetkeys.sty"
Package: kvsetkeys 2019/12/15 v1.18 Key value parser (HO)
) ("C:\Users\micha\AppData\Local\Programs\MiKTeX 2.9\tex/generic/kvdefinekeys\kvdefinekeys.sty"
Package: kvdefinekeys 2019-12-19 v1.6 Define keys (HO)
) ("C:\Users\micha\AppData\Local\Programs\MiKTeX 2.9\tex/generic/pdfescape\pdfescape.sty"
Package: pdfescape 2019/12/09 v1.15 Implements pdfTeX's escape features (HO)
) ("C:\Users\micha\AppData\Local\Programs\MiKTeX 2.9\tex/latex/hycolor\hycolor.sty"
Package: hycolor 2020-01-27 v1.10 Color options for hyperref/bookmark (HO)
) ("C:\Users\micha\AppData\Local\Programs\MiKTeX 2.9\tex/latex/letltxmacro\letltxmacro.sty"
Package: letltxmacro 2019/12/03 v1.6 Let assignment for LaTeX macros (HO)
) ("C:\Users\micha\AppData\Local\Programs\MiKTeX 2.9\tex/latex/auxhook\auxhook.sty"
Package: auxhook 2019-12-17 v1.6 Hooks for auxiliary files (HO)
) ("C:\Users\micha\AppData\Local\Programs\MiKTeX 2.9\tex/latex/kvoptions\kvoptions.sty"
Package: kvoptions 2019/11/29 v3.13 Key value format for package options (HO)
)
\@linkdim=\dimen197
\Hy@linkcounter=\count275
\Hy@pagecounter=\count276
 ("C:\Users\micha\AppData\Local\Programs\MiKTeX 2.9\tex/latex/hyperref\pd1enc.def"
File: pd1enc.def 2020/01/14 v7.00d Hyperref: PDFDocEncoding definition (HO)
Now handling font encoding PD1 ...
... no UTF-8 mapping file for font encoding PD1
) ("C:\Users\micha\AppData\Local\Programs\MiKTeX 2.9\tex/generic/intcalc\intcalc.sty"
Package: intcalc 2019/12/15 v1.3 Expandable calculations with integers (HO)
) ("C:\Users\micha\AppData\Local\Programs\MiKTeX 2.9\tex/generic/etexcmds\etexcmds.sty"
Package: etexcmds 2019/12/15 v1.7 Avoid name clashes with e-TeX commands (HO)
)
\Hy@SavedSpaceFactor=\count277
Package hyperref Info: Option `bookmarks' set `true' on input line 4421.
Package hyperref Info: Option `bookmarksopen' set `true' on input line 4421.
Package hyperref Info: Option `implicit' set `false' on input line 4421.
Package hyperref Info: Hyper figures OFF on input line 4547.
Package hyperref Info: Link nesting OFF on input line 4552.
Package hyperref Info: Hyper index ON on input line 4555.
Package hyperref Info: Plain pages OFF on input line 4562.
Package hyperref Info: Backreferencing OFF on input line 4567.
Package hyperref Info: Implicit mode OFF; no redefinition of LaTeX internals.
Package hyperref Info: Bookmarks ON on input line 4800.
\c@Hy@tempcnt=\count278
 ("C:\Users\micha\AppData\Local\Programs\MiKTeX 2.9\tex/latex/url\url.sty"
\Urlmuskip=\muskip16
Package: url 2013/09/16  ver 3.4  Verb mode for urls, etc.
)
LaTeX Info: Redefining \url on input line 5159.
\XeTeXLinkMargin=\dimen198
 ("C:\Users\micha\AppData\Local\Programs\MiKTeX 2.9\tex/generic/bitset\bitset.sty"
Package: bitset 2019/12/09 v1.3 Handle bit-vector datatype (HO)
 ("C:\Users\micha\AppData\Local\Programs\MiKTeX 2.9\tex/generic/bigintcalc\bigintcalc.sty"
Package: bigintcalc 2019/12/15 v1.5 Expandable calculations on big integers (HO)
))
\Fld@menulength=\count279
\Field@Width=\dimen199
\Fld@charsize=\dimen256
Package hyperref Info: Hyper figures OFF on input line 6430.
Package hyperref Info: Link nesting OFF on input line 6435.
Package hyperref Info: Hyper index ON on input line 6438.
Package hyperref Info: backreferencing OFF on input line 6445.
Package hyperref Info: Link coloring OFF on input line 6450.
Package hyperref Info: Link coloring with OCG OFF on input line 6455.
Package hyperref Info: PDF/A mode OFF on input line 6460.
LaTeX Info: Redefining \ref on input line 6500.
LaTeX Info: Redefining \pageref on input line 6504.
\Hy@abspage=\count280


Package hyperref Message: Stopped early.

)
Package hyperref Info: Driver (autodetected): hpdftex.
 ("C:\Users\micha\AppData\Local\Programs\MiKTeX 2.9\tex/latex/hyperref\hpdftex.def"
File: hpdftex.def 2020/01/14 v7.00d Hyperref driver for pdfTeX
 ("C:\Users\micha\AppData\Local\Programs\MiKTeX 2.9\tex/latex/atveryend\atveryend.sty"
Package: atveryend 2019-12-11 v1.11 Hooks at the very end of document (HO)
)
\Fld@listcount=\count281
\c@bookmark@seq@number=\count282
 ("C:\Users\micha\AppData\Local\Programs\MiKTeX 2.9\tex/latex/rerunfilecheck\rerunfilecheck.sty"
Package: rerunfilecheck 2019/12/05 v1.9 Rerun checks for auxiliary files (HO)
 ("C:\Users\micha\AppData\Local\Programs\MiKTeX 2.9\tex/generic/uniquecounter\uniquecounter.sty"
Package: uniquecounter 2019/12/15 v1.4 Provide unlimited unique counter (HO)
)
Package uniquecounter Info: New unique counter `rerunfilecheck' on input line 286.
)) ("C:\Users\micha\AppData\Local\Programs\MiKTeX 2.9\tex/latex/beamer\beamerbaserequires.sty" ("C:\Users\micha\AppData\Local\Programs\MiKTeX 2.9\tex/latex/beamer\beamerbasecompatibility.sty") ("C:\Users\micha\AppData\Local\Programs\MiKTeX 2.9\tex/latex/beamer\beamerbasefont.sty" ("C:\Users\micha\AppData\Local\Programs\MiKTeX 2.9\tex/latex/amsfonts\amssymb.sty"
Package: amssymb 2013/01/14 v3.01 AMS font symbols
 ("C:\Users\micha\AppData\Local\Programs\MiKTeX 2.9\tex/latex/amsfonts\amsfonts.sty"
Package: amsfonts 2013/01/14 v3.01 Basic AMSFonts support
\@emptytoks=\toks27
\symAMSa=\mathgroup4
\symAMSb=\mathgroup5
LaTeX Font Info:    Redeclaring math symbol \hbar on input line 98.
LaTeX Font Info:    Overwriting math alphabet `\mathfrak' in version `bold'
(Font)                  U/euf/m/n --> U/euf/b/n on input line 106.
)) ("C:\Users\micha\AppData\Local\Programs\MiKTeX 2.9\tex/latex/sansmathaccent\sansmathaccent.sty"
Package: sansmathaccent 2020/01/31
 ("C:\Users\micha\AppData\Local\Programs\MiKTeX 2.9\tex/latex/koma-script\scrlfile.sty"
Package: scrlfile 2020/09/21 v3.32 KOMA-Script package (file load hooks)
 ("C:\Users\micha\AppData\Local\Programs\MiKTeX 2.9\tex/latex/koma-script\scrlfile-patcholdlatex.sty"
Package: scrlfile-patcholdlatex 2020/09/21 v3.32 KOMA-Script package (patching old LaTeX kernels)
 ("C:\Users\micha\AppData\Local\Programs\MiKTeX 2.9\tex/latex/koma-script\scrlogo.sty"
Package: scrlogo 2020/09/21 v3.32 KOMA-Script package (logo)
)) ("C:\Users\micha\AppData\Local\Programs\MiKTeX 2.9\tex/latex/l3packages/xparse\xparse.sty" ("C:\Users\micha\AppData\Local\Programs\MiKTeX 2.9\tex/latex/l3kernel\expl3.sty"
Package: expl3 2020-03-06 L3 programming layer (loader) 
 ("C:\Users\micha\AppData\Local\Programs\MiKTeX 2.9\tex/latex/l3backend\l3backend-pdfmode.def"
File: l3backend-pdfmode.def 2020-03-12 L3 backend support: PDF mode
\l__kernel_color_stack_int=\count283
\l__pdf_internal_box=\box60
))
Package: xparse 2020-03-06 L3 Experimental document command parser
\l__xparse_current_arg_int=\count284
\g__xparse_grabber_int=\count285
\l__xparse_m_args_int=\count286
\l__xparse_v_nesting_int=\count287
)))) ("C:\Users\micha\AppData\Local\Programs\MiKTeX 2.9\tex/latex/beamer\beamerbasetranslator.sty" ("C:\Users\micha\AppData\Local\Programs\MiKTeX 2.9\tex/latex/translator\translator.sty"
Package: translator 2020-08-03 v1.12c Easy translation of strings in LaTeX
)) ("C:\Users\micha\AppData\Local\Programs\MiKTeX 2.9\tex/latex/beamer\beamerbasemisc.sty") ("C:\Users\micha\AppData\Local\Programs\MiKTeX 2.9\tex/latex/beamer\beamerbasetwoscreens.sty") ("C:\Users\micha\AppData\Local\Programs\MiKTeX 2.9\tex/latex/beamer\beamerbaseoverlay.sty"
\beamer@argscount=\count288
\beamer@lastskipcover=\skip50
\beamer@trivlistdepth=\count289
) ("C:\Users\micha\AppData\Local\Programs\MiKTeX 2.9\tex/latex/beamer\beamerbasetitle.sty") ("C:\Users\micha\AppData\Local\Programs\MiKTeX 2.9\tex/latex/beamer\beamerbasesection.sty"
\c@lecture=\count290
\c@part=\count291
\c@section=\count292
\c@subsection=\count293
\c@subsubsection=\count294
) ("C:\Users\micha\AppData\Local\Programs\MiKTeX 2.9\tex/latex/beamer\beamerbaseframe.sty"
\beamer@framebox=\box61
\beamer@frametitlebox=\box62
\beamer@zoombox=\box63
\beamer@zoomcount=\count295
\beamer@zoomframecount=\count296
\beamer@frametextheight=\dimen257
\c@subsectionslide=\count297
\beamer@frametopskip=\skip51
\beamer@framebottomskip=\skip52
\beamer@frametopskipautobreak=\skip53
\beamer@framebottomskipautobreak=\skip54
\beamer@envbody=\toks28
\framewidth=\dimen258
\c@framenumber=\count298
) ("C:\Users\micha\AppData\Local\Programs\MiKTeX 2.9\tex/latex/beamer\beamerbaseverbatim.sty"
\beamer@verbatimfileout=\write4
) ("C:\Users\micha\AppData\Local\Programs\MiKTeX 2.9\tex/latex/beamer\beamerbaseframesize.sty"
\beamer@splitbox=\box64
\beamer@autobreakcount=\count299
\beamer@autobreaklastheight=\dimen259
\beamer@frametitletoks=\toks29
\beamer@framesubtitletoks=\toks30
) ("C:\Users\micha\AppData\Local\Programs\MiKTeX 2.9\tex/latex/beamer\beamerbaseframecomponents.sty"
\beamer@footins=\box65
) ("C:\Users\micha\AppData\Local\Programs\MiKTeX 2.9\tex/latex/beamer\beamerbasecolor.sty") ("C:\Users\micha\AppData\Local\Programs\MiKTeX 2.9\tex/latex/beamer\beamerbasenotes.sty"
\beamer@frameboxcopy=\box66
) ("C:\Users\micha\AppData\Local\Programs\MiKTeX 2.9\tex/latex/beamer\beamerbasetoc.sty") ("C:\Users\micha\AppData\Local\Programs\MiKTeX 2.9\tex/latex/beamer\beamerbasetemplates.sty"
\beamer@sbttoks=\toks31
 ("C:\Users\micha\AppData\Local\Programs\MiKTeX 2.9\tex/latex/beamer\beamerbaseauxtemplates.sty" ("C:\Users\micha\AppData\Local\Programs\MiKTeX 2.9\tex/latex/beamer\beamerbaseboxes.sty"
\bmb@box=\box67
\bmb@colorbox=\box68
\bmb@boxshadow=\box69
\bmb@boxshadowball=\box70
\bmb@boxshadowballlarge=\box71
\bmb@temp=\dimen260
\bmb@dima=\dimen261
\bmb@dimb=\dimen262
\bmb@prevheight=\dimen263
)
\beamer@blockheadheight=\dimen264
)) ("C:\Users\micha\AppData\Local\Programs\MiKTeX 2.9\tex/latex/beamer\beamerbaselocalstructure.sty" ("C:\Users\micha\AppData\Local\Programs\MiKTeX 2.9\tex/latex/tools\enumerate.sty"
Package: enumerate 2015/07/23 v3.00 enumerate extensions (DPC)
\@enLab=\toks32
)
\c@figure=\count300
\c@table=\count301
\abovecaptionskip=\skip55
\belowcaptionskip=\skip56
) ("C:\Users\micha\AppData\Local\Programs\MiKTeX 2.9\tex/latex/beamer\beamerbasenavigation.sty"
\beamer@section@min@dim=\dimen265
) ("C:\Users\micha\AppData\Local\Programs\MiKTeX 2.9\tex/latex/beamer\beamerbasetheorems.sty" ("C:\Users\micha\AppData\Local\Programs\MiKTeX 2.9\tex/latex/amsmath\amsmath.sty"
Package: amsmath 2020/01/20 v2.17e AMS math features
\@mathmargin=\skip57

For additional information on amsmath, use the `?' option.
("C:\Users\micha\AppData\Local\Programs\MiKTeX 2.9\tex/latex/amsmath\amstext.sty"
Package: amstext 2000/06/29 v2.01 AMS text
 ("C:\Users\micha\AppData\Local\Programs\MiKTeX 2.9\tex/latex/amsmath\amsgen.sty"
File: amsgen.sty 1999/11/30 v2.0 generic functions
\@emptytoks=\toks33
\ex@=\dimen266
)) ("C:\Users\micha\AppData\Local\Programs\MiKTeX 2.9\tex/latex/amsmath\amsbsy.sty"
Package: amsbsy 1999/11/29 v1.2d Bold Symbols
\pmbraise@=\dimen267
) ("C:\Users\micha\AppData\Local\Programs\MiKTeX 2.9\tex/latex/amsmath\amsopn.sty"
Package: amsopn 2016/03/08 v2.02 operator names
)
\inf@bad=\count302
LaTeX Info: Redefining \frac on input line 227.
\uproot@=\count303
\leftroot@=\count304
LaTeX Info: Redefining \overline on input line 389.
\classnum@=\count305
\DOTSCASE@=\count306
LaTeX Info: Redefining \ldots on input line 486.
LaTeX Info: Redefining \dots on input line 489.
LaTeX Info: Redefining \cdots on input line 610.
\Mathstrutbox@=\box72
\strutbox@=\box73
\big@size=\dimen268
LaTeX Font Info:    Redeclaring font encoding OML on input line 733.
LaTeX Font Info:    Redeclaring font encoding OMS on input line 734.
\macc@depth=\count307
\c@MaxMatrixCols=\count308
\dotsspace@=\muskip17
\c@parentequation=\count309
\dspbrk@lvl=\count310
\tag@help=\toks34
\row@=\count311
\column@=\count312
\maxfields@=\count313
\andhelp@=\toks35
\eqnshift@=\dimen269
\alignsep@=\dimen270
\tagshift@=\dimen271
\tagwidth@=\dimen272
\totwidth@=\dimen273
\lineht@=\dimen274
\@envbody=\toks36
\multlinegap=\skip58
\multlinetaggap=\skip59
\mathdisplay@stack=\toks37
LaTeX Info: Redefining \[ on input line 2859.
LaTeX Info: Redefining \] on input line 2860.
) ("C:\Users\micha\AppData\Local\Programs\MiKTeX 2.9\tex/latex/amscls\amsthm.sty"
Package: amsthm 2020/05/29 v2.20.6
\thm@style=\toks38
\thm@bodyfont=\toks39
\thm@headfont=\toks40
\thm@notefont=\toks41
\thm@headpunct=\toks42
\thm@preskip=\skip60
\thm@postskip=\skip61
\thm@headsep=\skip62
\dth@everypar=\toks43
)
\c@theorem=\count314
) ("C:\Users\micha\AppData\Local\Programs\MiKTeX 2.9\tex/latex/beamer\beamerbasethemes.sty")) ("C:\Users\micha\AppData\Local\Programs\MiKTeX 2.9\tex/latex/beamer\beamerthemedefault.sty" ("C:\Users\micha\AppData\Local\Programs\MiKTeX 2.9\tex/latex/beamer\beamerfontthemedefault.sty") ("C:\Users\micha\AppData\Local\Programs\MiKTeX 2.9\tex/latex/beamer\beamercolorthemedefault.sty") ("C:\Users\micha\AppData\Local\Programs\MiKTeX 2.9\tex/latex/beamer\beamerinnerthemedefault.sty"
\beamer@dima=\dimen275
\beamer@dimb=\dimen276
) ("C:\Users\micha\AppData\Local\Programs\MiKTeX 2.9\tex/latex/beamer\beamerouterthemedefault.sty"))) ("C:\Users\micha\AppData\Local\Programs\MiKTeX 2.9\tex/latex/beamertheme-metropolis\beamerthememetropolis.sty"
Package: beamerthememetropolis 2017/01/23 v1.2 Metropolis Beamer theme
 ("C:\Users\micha\AppData\Local\Programs\MiKTeX 2.9\tex/latex/pgfopts\pgfopts.sty"
Package: pgfopts 2014/07/10 v2.1a LaTeX package options with pgfkeys
 ("C:\Users\micha\AppData\Local\Programs\MiKTeX 2.9\tex/latex/pgf/utilities\pgfkeys.sty" ("C:\Users\micha\AppData\Local\Programs\MiKTeX 2.9\tex/generic/pgf/utilities\pgfkeys.code.tex"))
\pgfopts@list@add@a@toks=\toks44
\pgfopts@list@add@b@toks=\toks45
) ("C:\Users\micha\AppData\Local\Programs\MiKTeX 2.9\tex/latex/beamertheme-metropolis\beamerinnerthememetropolis.sty"
Package: beamerinnerthememetropolis 2017/01/23 Metropolis inner theme
 ("C:\Users\micha\AppData\Local\Programs\MiKTeX 2.9\tex/latex/tools\calc.sty"
Package: calc 2017/05/25 v4.3 Infix arithmetic (KKT,FJ)
\calc@Acount=\count315
\calc@Bcount=\count316
\calc@Adimen=\dimen277
\calc@Bdimen=\dimen278
\calc@Askip=\skip63
\calc@Bskip=\skip64
LaTeX Info: Redefining \setlength on input line 80.
LaTeX Info: Redefining \addtolength on input line 81.
\calc@Ccount=\count317
\calc@Cskip=\skip65
) ("C:\Users\micha\AppData\Local\Programs\MiKTeX 2.9\tex/latex/pgf/frontendlayer\tikz.sty" ("C:\Users\micha\AppData\Local\Programs\MiKTeX 2.9\tex/latex/pgf/basiclayer\pgf.sty"
Package: pgf 2020/01/08 v3.1.5b (3.1.5b)
 ("C:\Users\micha\AppData\Local\Programs\MiKTeX 2.9\tex/generic/pgf/modules\pgfmoduleshapes.code.tex"
File: pgfmoduleshapes.code.tex 2020/01/08 v3.1.5b (3.1.5b)
\pgfnodeparttextbox=\box74
) ("C:\Users\micha\AppData\Local\Programs\MiKTeX 2.9\tex/generic/pgf/modules\pgfmoduleplot.code.tex"
File: pgfmoduleplot.code.tex 2020/01/08 v3.1.5b (3.1.5b)
) ("C:\Users\micha\AppData\Local\Programs\MiKTeX 2.9\tex/latex/pgf/compatibility\pgfcomp-version-0-65.sty"
Package: pgfcomp-version-0-65 2020/01/08 v3.1.5b (3.1.5b)
\pgf@nodesepstart=\dimen279
\pgf@nodesepend=\dimen280
) ("C:\Users\micha\AppData\Local\Programs\MiKTeX 2.9\tex/latex/pgf/compatibility\pgfcomp-version-1-18.sty"
Package: pgfcomp-version-1-18 2020/01/08 v3.1.5b (3.1.5b)
)) ("C:\Users\micha\AppData\Local\Programs\MiKTeX 2.9\tex/latex/pgf/utilities\pgffor.sty" ("C:\Users\micha\AppData\Local\Programs\MiKTeX 2.9\tex/latex/pgf/math\pgfmath.sty" ("C:\Users\micha\AppData\Local\Programs\MiKTeX 2.9\tex/generic/pgf/math\pgfmath.code.tex")) ("C:\Users\micha\AppData\Local\Programs\MiKTeX 2.9\tex/generic/pgf/utilities\pgffor.code.tex"
Package: pgffor 2020/01/08 v3.1.5b (3.1.5b)
 ("C:\Users\micha\AppData\Local\Programs\MiKTeX 2.9\tex/generic/pgf/math\pgfmath.code.tex")
\pgffor@iter=\dimen281
\pgffor@skip=\dimen282
\pgffor@stack=\toks46
\pgffor@toks=\toks47
)) ("C:\Users\micha\AppData\Local\Programs\MiKTeX 2.9\tex/generic/pgf/frontendlayer/tikz\tikz.code.tex"
Package: tikz 2020/01/08 v3.1.5b (3.1.5b)
 ("C:\Users\micha\AppData\Local\Programs\MiKTeX 2.9\tex/generic/pgf/libraries\pgflibraryplothandlers.code.tex"
File: pgflibraryplothandlers.code.tex 2020/01/08 v3.1.5b (3.1.5b)
\pgf@plot@mark@count=\count318
\pgfplotmarksize=\dimen283
)
\tikz@lastx=\dimen284
\tikz@lasty=\dimen285
\tikz@lastxsaved=\dimen286
\tikz@lastysaved=\dimen287
\tikz@lastmovetox=\dimen288
\tikz@lastmovetoy=\dimen289
\tikzleveldistance=\dimen290
\tikzsiblingdistance=\dimen291
\tikz@figbox=\box75
\tikz@figbox@bg=\box76
\tikz@tempbox=\box77
\tikz@tempbox@bg=\box78
\tikztreelevel=\count319
\tikznumberofchildren=\count320
\tikznumberofcurrentchild=\count321
\tikz@fig@count=\count322
 ("C:\Users\micha\AppData\Local\Programs\MiKTeX 2.9\tex/generic/pgf/modules\pgfmodulematrix.code.tex"
File: pgfmodulematrix.code.tex 2020/01/08 v3.1.5b (3.1.5b)
\pgfmatrixcurrentrow=\count323
\pgfmatrixcurrentcolumn=\count324
\pgf@matrix@numberofcolumns=\count325
)
\tikz@expandcount=\count326
 ("C:\Users\micha\AppData\Local\Programs\MiKTeX 2.9\tex/generic/pgf/frontendlayer/tikz/libraries\tikzlibrarytopaths.code.tex"
File: tikzlibrarytopaths.code.tex 2020/01/08 v3.1.5b (3.1.5b)
)))
\metropolis@titleseparator@linewidth=\skip66
\metropolis@progressonsectionpage=\skip67
\metropolis@progressonsectionpage@linewidth=\skip68
\metropolis@blocksep=\skip69
\metropolis@blockadjust=\skip70
\metropolis@parskip=\skip71
) ("C:\Users\micha\AppData\Local\Programs\MiKTeX 2.9\tex/latex/beamertheme-metropolis\beamerouterthememetropolis.sty"
Package: beamerouterthememetropolis 2017/01/23 Metropolis outer theme
\metropolis@frametitle@padding=\skip72
\metropolis@progressinheadfoot=\skip73
\metropolis@progressinheadfoot@linewidth=\skip74
) ("C:\Users\micha\AppData\Local\Programs\MiKTeX 2.9\tex/latex/beamertheme-metropolis\beamercolorthememetropolis.sty"
Package: beamercolorthememetropolis 2017/01/23 Metropolis color theme
) ("C:\Users\micha\AppData\Local\Programs\MiKTeX 2.9\tex/latex/beamertheme-metropolis\beamerfontthememetropolis.sty"
Package: beamerfontthememetropolis 2017/01/23 Metropolis font theme
 ("C:\Users\micha\AppData\Local\Programs\MiKTeX 2.9\tex/generic/iftex\ifxetex.sty"
Package: ifxetex 2019/10/25 v0.7 ifxetex legacy package. Use iftex instead.
) ("C:\Users\micha\AppData\Local\Programs\MiKTeX 2.9\tex/generic/iftex\ifluatex.sty"
Package: ifluatex 2019/10/25 v1.5 ifluatex legacy package. Use iftex instead.
)

Package beamerthememetropolis Warning: You need to compile with XeLaTeX or LuaLaTeX to use the Fira fonts on input line 95.

)) ("C:\Users\micha\AppData\Local\Programs\MiKTeX 2.9\tex/latex/appendixnumberbeamer\appendixnumberbeamer.sty") ("C:\Users\micha\AppData\Local\Programs\MiKTeX 2.9\tex/latex/booktabs\booktabs.sty"
Package: booktabs 2020/01/12 v1.61803398 Publication quality tables
\heavyrulewidth=\dimen292
\lightrulewidth=\dimen293
\cmidrulewidth=\dimen294
\belowrulesep=\dimen295
\belowbottomsep=\dimen296
\aboverulesep=\dimen297
\abovetopsep=\dimen298
\cmidrulesep=\dimen299
\cmidrulekern=\dimen300
\defaultaddspace=\dimen301
\@cmidla=\count327
\@cmidlb=\count328
\@aboverulesep=\dimen302
\@belowrulesep=\dimen303
\@thisruleclass=\count329
\@lastruleclass=\count330
\@thisrulewidth=\dimen304
) ("C:\Users\micha\AppData\Local\Programs\MiKTeX 2.9\tex/latex/ccicons\ccicons.sty"
Package: ccicons 2017/10/30 v1.6 LaTeX support for Creative Commons icons
 ("C:\Users\micha\AppData\Local\Programs\MiKTeX 2.9\tex/latex/xkeyval\xkeyval.sty"
Package: xkeyval 2014/12/03 v2.7a package option processing (HA)
 ("C:\Users\micha\AppData\Local\Programs\MiKTeX 2.9\tex/generic/xkeyval\xkeyval.tex" ("C:\Users\micha\AppData\Local\Programs\MiKTeX 2.9\tex/generic/xkeyval\xkvutils.tex"
\XKV@toks=\toks48
\XKV@tempa@toks=\toks49
)
\XKV@depth=\count331
File: xkeyval.tex 2014/12/03 v2.7a key=value parser (HA)
))) ("C:\Users\micha\AppData\Local\Programs\MiKTeX 2.9\tex/latex/pgfplots\pgfplots.sty" ("C:\Users\micha\AppData\Local\Programs\MiKTeX 2.9\tex/generic/pgfplots\pgfplots.revision.tex")
Package: pgfplots 2020/02/29 v1.17 Data Visualization (1.17)
 ("C:\Users\micha\AppData\Local\Programs\MiKTeX 2.9\tex/generic/pgfplots\pgfplots.code.tex" ("C:\Users\micha\AppData\Local\Programs\MiKTeX 2.9\tex/generic/pgfplots\pgfplotscore.code.tex"
\t@pgfplots@toka=\toks50
\t@pgfplots@tokb=\toks51
\t@pgfplots@tokc=\toks52
\pgfplots@tmpa=\dimen305
\c@pgfplots@coordindex=\count332
\c@pgfplots@scanlineindex=\count333
 ("C:\Users\micha\AppData\Local\Programs\MiKTeX 2.9\tex/generic/pgfplots/sys\pgfplotssysgeneric.code.tex")) ("C:\Users\micha\AppData\Local\Programs\MiKTeX 2.9\tex/generic/pgfplots/libs\pgfplotslibrary.code.tex") ("C:\Users\micha\AppData\Local\Programs\MiKTeX 2.9\tex/generic/pgfplots/oldpgfcompatib\pgfplotsoldpgfsupp_loader.code.tex" ("C:\Users\micha\AppData\Local\Programs\MiKTeX 2.9\tex/generic/pgf/libraries\pgflibraryfpu.code.tex")) ("C:\Users\micha\AppData\Local\Programs\MiKTeX 2.9\tex/generic/pgfplots/util\pgfplotsutil.code.tex" ("C:\Users\micha\AppData\Local\Programs\MiKTeX 2.9\tex/generic/pgfplots/liststructure\pgfplotsliststructure.code.tex") ("C:\Users\micha\AppData\Local\Programs\MiKTeX 2.9\tex/generic/pgfplots/liststructure\pgfplotsliststructureext.code.tex") ("C:\Users\micha\AppData\Local\Programs\MiKTeX 2.9\tex/generic/pgfplots/liststructure\pgfplotsarray.code.tex"
\c@pgfplotsarray@tmp=\count334
) ("C:\Users\micha\AppData\Local\Programs\MiKTeX 2.9\tex/generic/pgfplots/liststructure\pgfplotsmatrix.code.tex") ("C:\Users\micha\AppData\Local\Programs\MiKTeX 2.9\tex/generic/pgfplots/numtable\pgfplotstableshared.code.tex"
\c@pgfplotstable@counta=\count335
\t@pgfplotstable@a=\toks53
) ("C:\Users\micha\AppData\Local\Programs\MiKTeX 2.9\tex/generic/pgfplots/liststructure\pgfplotsdeque.code.tex") ("C:\Users\micha\AppData\Local\Programs\MiKTeX 2.9\tex/generic/pgfplots/util\pgfplotsbinary.code.tex" ("C:\Users\micha\AppData\Local\Programs\MiKTeX 2.9\tex/generic/pgfplots/util\pgfplotsbinary.data.code.tex")) ("C:\Users\micha\AppData\Local\Programs\MiKTeX 2.9\tex/generic/pgfplots/util\pgfplotsutil.verb.code.tex") ("C:\Users\micha\AppData\Local\Programs\MiKTeX 2.9\tex/generic/pgfplots/libs\pgflibrarypgfplots.surfshading.code.tex"
\c@pgfplotslibrarysurf@no=\count336
 ("C:\Users\micha\AppData\Local\Programs\MiKTeX 2.9\tex/generic/pgfplots/sys\pgflibrarypgfplots.surfshading.pgfsys-pdftex.def"))) ("C:\Users\micha\AppData\Local\Programs\MiKTeX 2.9\tex/generic/pgfplots/util\pgfplotscolormap.code.tex" ("C:\Users\micha\AppData\Local\Programs\MiKTeX 2.9\tex/generic/pgfplots/util\pgfplotscolor.code.tex")) ("C:\Users\micha\AppData\Local\Programs\MiKTeX 2.9\tex/generic/pgfplots\pgfplotsstackedplots.code.tex") ("C:\Users\micha\AppData\Local\Programs\MiKTeX 2.9\tex/generic/pgfplots\pgfplotsplothandlers.code.tex" ("C:\Users\micha\AppData\Local\Programs\MiKTeX 2.9\tex/generic/pgfplots\pgfplotsmeshplothandler.code.tex" ("C:\Users\micha\AppData\Local\Programs\MiKTeX 2.9\tex/generic/pgfplots\pgfplotsmeshplotimage.code.tex"))) ("C:\Users\micha\AppData\Local\Programs\MiKTeX 2.9\tex/generic/pgfplots\pgfplots.scaling.code.tex") ("C:\Users\micha\AppData\Local\Programs\MiKTeX 2.9\tex/generic/pgfplots\pgfplotscoordprocessing.code.tex") ("C:\Users\micha\AppData\Local\Programs\MiKTeX 2.9\tex/generic/pgfplots\pgfplots.errorbars.code.tex") ("C:\Users\micha\AppData\Local\Programs\MiKTeX 2.9\tex/generic/pgfplots\pgfplots.markers.code.tex") ("C:\Users\micha\AppData\Local\Programs\MiKTeX 2.9\tex/generic/pgfplots\pgfplotsticks.code.tex") ("C:\Users\micha\AppData\Local\Programs\MiKTeX 2.9\tex/generic/pgfplots\pgfplots.paths.code.tex") ("C:\Users\micha\AppData\Local\Programs\MiKTeX 2.9\tex/generic/pgf/frontendlayer/tikz/libraries\tikzlibrarydecorations.code.tex" ("C:\Users\micha\AppData\Local\Programs\MiKTeX 2.9\tex/generic/pgf/modules\pgfmoduledecorations.code.tex"
\pgfdecoratedcompleteddistance=\dimen306
\pgfdecoratedremainingdistance=\dimen307
\pgfdecoratedinputsegmentcompleteddistance=\dimen308
\pgfdecoratedinputsegmentremainingdistance=\dimen309
\pgf@decorate@distancetomove=\dimen310
\pgf@decorate@repeatstate=\count337
\pgfdecorationsegmentamplitude=\dimen311
\pgfdecorationsegmentlength=\dimen312
)
\tikz@lib@dec@box=\box79
) ("C:\Users\micha\AppData\Local\Programs\MiKTeX 2.9\tex/generic/pgf/frontendlayer/tikz/libraries\tikzlibrarydecorations.pathmorphing.code.tex" ("C:\Users\micha\AppData\Local\Programs\MiKTeX 2.9\tex/generic/pgf/libraries/decorations\pgflibrarydecorations.pathmorphing.code.tex")) ("C:\Users\micha\AppData\Local\Programs\MiKTeX 2.9\tex/generic/pgf/frontendlayer/tikz/libraries\tikzlibrarydecorations.pathreplacing.code.tex" ("C:\Users\micha\AppData\Local\Programs\MiKTeX 2.9\tex/generic/pgf/libraries/decorations\pgflibrarydecorations.pathreplacing.code.tex"))
\pgfplots@numplots=\count338
\pgfplots@xmin@reg=\dimen313
\pgfplots@xmax@reg=\dimen314
\pgfplots@ymin@reg=\dimen315
\pgfplots@ymax@reg=\dimen316
\pgfplots@zmin@reg=\dimen317
\pgfplots@zmax@reg=\dimen318
) ("C:\Users\micha\AppData\Local\Programs\MiKTeX 2.9\tex/generic/pgf/frontendlayer/tikz/libraries\tikzlibraryplotmarks.code.tex"
File: tikzlibraryplotmarks.code.tex 2020/01/08 v3.1.5b (3.1.5b)
 ("C:\Users\micha\AppData\Local\Programs\MiKTeX 2.9\tex/generic/pgf/libraries\pgflibraryplotmarks.code.tex"
File: pgflibraryplotmarks.code.tex 2020/01/08 v3.1.5b (3.1.5b)
))) ("C:\Users\micha\AppData\Local\Programs\MiKTeX 2.9\tex/generic/pgfplots/libs\tikzlibrarypgfplots.dateplot.code.tex" ("C:\Users\micha\AppData\Local\Programs\MiKTeX 2.9\tex/latex/pgf/utilities\pgfcalendar.sty" ("C:\Users\micha\AppData\Local\Programs\MiKTeX 2.9\tex/generic/pgf/utilities\pgfcalendar.code.tex"
File: pgfcalendar.code.tex 2020/01/08 v3.1.5b (3.1.5b)
 ("C:\Users\micha\AppData\Local\Programs\MiKTeX 2.9\tex/generic/pgf/math\pgfint.code.tex")
\pgfcalendarcurrentjulian=\count339
\pgf@cal@easter@Y=\count340
\pgf@cal@easter@G=\count341
\pgf@cal@easter@C=\count342
\pgf@cal@easter@X=\count343
\pgf@cal@easter@Z=\count344
\pgf@cal@easter@D=\count345
\pgf@cal@easter@E=\count346
\pgf@cal@easter@N=\count347
\pgf@cal@easter@M=\count348
\pgf@cal@easter@julianday=\count349
))) ("C:\Users\micha\AppData\Local\Programs\MiKTeX 2.9\tex/latex/tools\xspace.sty"
Package: xspace 2014/10/28 v1.13 Space after command names (DPC,MH)
) ("C:\Users\micha\AppData\Local\Programs\MiKTeX 2.9\tex/latex/caption\subcaption.sty"
Package: subcaption 2020/01/22 v1.3d Sub-captions (AR)
 ("C:\Users\micha\AppData\Local\Programs\MiKTeX 2.9\tex/latex/caption\caption.sty"
Package: caption 2020/01/03 v3.4h Customizing captions (AR)
 ("C:\Users\micha\AppData\Local\Programs\MiKTeX 2.9\tex/latex/caption\caption3.sty"
Package: caption3 2020/01/03 v1.8h caption3 kernel (AR)
Package caption3 Info: TeX engine: e-TeX on input line 61.
\captionmargin=\dimen319
\captionmargin@=\dimen320
\captionwidth=\dimen321
\caption@tempdima=\dimen322
\caption@indent=\dimen323
\caption@parindent=\dimen324
\caption@hangindent=\dimen325
Package caption Info: beamer document class detected.
)
\c@caption@flags=\count350
\c@continuedfloat=\count351
Package caption Info: beamer document class.
Package caption Info: hyperref package is loaded.
Package caption Info: Hyperref support is turned off
(caption)             because hyperref has stopped early.
)
\c@subfigure=\count352
\c@subtable=\count353
) ("C:\Users\micha\AppData\Local\Programs\MiKTeX 2.9\tex/latex/mhchem\mhchem.sty"
Package: mhchem 2018/06/22 v4.08 for typesetting chemical formulae
 ("C:\Users\micha\AppData\Local\Programs\MiKTeX 2.9\tex/latex/l3packages/l3keys2e\l3keys2e.sty"
Package: l3keys2e 2020-03-06 LaTeX2e option processing using LaTeX3 keys
) ("C:\Users\micha\AppData\Local\Programs\MiKTeX 2.9\tex/latex/chemgreek\chemgreek.sty"
Package: chemgreek 2020/01/16 v1.1a interface for upright Greek letters for use in chemistry (CN)
\l__chemgreek_tmpa_int=\count354
\g__chemgreek_tmpa_int=\count355
)
\l__mhchem_ce_distanceFromLastComma_int=\count356
\__mhchem_arrow_extPgfLength_skip=\skip75
\mhchem@minispace@tmp=\skip76
\mhchem@minibackspace@tmp=\skip77
\mhchem@bondwidth=\skip78
\mhchem@bondheight=\skip79
\mhchem@smallbondwidth@tmpA=\skip80
\mhchem@smallbondwidth@tmpB=\skip81
\mhchem@smallbondwidth=\skip82
\mhchem@bondtmp@minussidebearingleft=\skip83
\mhchem@bondtmp@minussidebearingright=\skip84
\l__mhchem_option_version_int=\count357
\mhchem@option@minusmathsidebearingleft=\dimen326
\mhchem@option@minusmathsidebearingright=\dimen327
\mhchem@option@minustextsidebearingleft=\dimen328
\mhchem@option@minustextsidebearingright=\dimen329
) ("C:\Users\micha\AppData\Local\Programs\MiKTeX 2.9\tex/latex/beamertheme-metropolis\pgfplotsthemetol.sty"
Package: pgfplotsthemetol 2017/01/23 PGFplots colors based on Paul Tol's SRON technical note
) (c:/Users\micha\Desktop\Research\Phys-437A\Presentation\Bouliane_Presentation.aux)
\openout1 = `Bouliane_Presentation.aux'.

LaTeX Font Info:    Checking defaults for OML/cmm/m/it on input line 24.
LaTeX Font Info:    ... okay on input line 24.
LaTeX Font Info:    Checking defaults for OMS/cmsy/m/n on input line 24.
LaTeX Font Info:    ... okay on input line 24.
LaTeX Font Info:    Checking defaults for OT1/cmr/m/n on input line 24.
LaTeX Font Info:    ... okay on input line 24.
LaTeX Font Info:    Checking defaults for T1/cmr/m/n on input line 24.
LaTeX Font Info:    ... okay on input line 24.
LaTeX Font Info:    Checking defaults for TS1/cmr/m/n on input line 24.
LaTeX Font Info:    ... okay on input line 24.
LaTeX Font Info:    Checking defaults for OMX/cmex/m/n on input line 24.
LaTeX Font Info:    ... okay on input line 24.
LaTeX Font Info:    Checking defaults for U/cmr/m/n on input line 24.
LaTeX Font Info:    ... okay on input line 24.
LaTeX Font Info:    Checking defaults for PD1/pdf/m/n on input line 24.
LaTeX Font Info:    ... okay on input line 24.

*geometry* driver: auto-detecting
*geometry* detected driver: pdftex
*geometry* verbose mode - [ preamble ] result:
* driver: pdftex
* paper: custom
* layout: <same size as paper>
* layoutoffset:(h,v)=(0.0pt,0.0pt)
* modes: includehead includefoot 
* h-part:(L,W,R)=(28.45274pt, 398.3386pt, 28.45274pt)
* v-part:(T,H,B)=(0.0pt, 256.0748pt, 0.0pt)
* \paperwidth=455.24408pt
* \paperheight=256.0748pt
* \textwidth=398.3386pt
* \textheight=227.62207pt
* \oddsidemargin=-43.81725pt
* \evensidemargin=-43.81725pt
* \topmargin=-72.26999pt
* \headheight=14.22636pt
* \headsep=0.0pt
* \topskip=12.0pt
* \footskip=14.22636pt
* \marginparwidth=4.0pt
* \marginparsep=10.0pt
* \columnsep=10.0pt
* \skip\footins=10.8pt plus 4.0pt minus 2.0pt
* \hoffset=0.0pt
* \voffset=0.0pt
* \mag=1000
* \@twocolumnfalse
* \@twosidefalse
* \@mparswitchfalse
* \@reversemarginfalse
* (1in=72.27pt=25.4mm, 1cm=28.453pt)

("C:\Users\micha\AppData\Local\Programs\MiKTeX 2.9\tex/context/base/mkii\supp-pdf.mkii"
[Loading MPS to PDF converter (version 2006.09.02).]
\scratchcounter=\count358
\scratchdimen=\dimen330
\scratchbox=\box80
\nofMPsegments=\count359
\nofMParguments=\count360
\everyMPshowfont=\toks54
\MPscratchCnt=\count361
\MPscratchDim=\dimen331
\MPnumerator=\count362
\makeMPintoPDFobject=\count363
\everyMPtoPDFconversion=\toks55
) ("C:\Users\micha\AppData\Local\Programs\MiKTeX 2.9\tex/latex/epstopdf-pkg\epstopdf-base.sty"
Package: epstopdf-base 2020-01-24 v2.11 Base part for package epstopdf
Package epstopdf-base Info: Redefining graphics rule for `.eps' on input line 485.
) ABD: EveryShipout initializing macros
\AtBeginShipoutBox=\box81
Package hyperref Info: Link coloring OFF on input line 24.
 ("C:\Users\micha\AppData\Local\Programs\MiKTeX 2.9\tex/latex/hyperref\nameref.sty"
Package: nameref 2019/09/16 v2.46 Cross-referencing by name of section
 ("C:\Users\micha\AppData\Local\Programs\MiKTeX 2.9\tex/latex/refcount\refcount.sty"
Package: refcount 2019/12/15 v3.6 Data extraction from label references (HO)
) ("C:\Users\micha\AppData\Local\Programs\MiKTeX 2.9\tex/generic/gettitlestring\gettitlestring.sty"
Package: gettitlestring 2019/12/15 v1.6 Cleanup title references (HO)
)
\c@section@level=\count364
)
LaTeX Info: Redefining \ref on input line 24.
LaTeX Info: Redefining \pageref on input line 24.
LaTeX Info: Redefining \nameref on input line 24.
 (c:/Users\micha\Desktop\Research\Phys-437A\Presentation\Bouliane_Presentation.out) (c:/Users\micha\Desktop\Research\Phys-437A\Presentation\Bouliane_Presentation.out)
\@outlinefile=\write5
\openout5 = `Bouliane_Presentation.out'.

LaTeX Font Info:    Overwriting symbol font `operators' in version `normal'
(Font)                  OT1/cmr/m/n --> OT1/cmss/m/n on input line 24.
LaTeX Font Info:    Overwriting symbol font `operators' in version `bold'
(Font)                  OT1/cmr/bx/n --> OT1/cmss/b/n on input line 24.
\symnumbers=\mathgroup6
\sympureletters=\mathgroup7
LaTeX Font Info:    Overwriting math alphabet `\mathrm' in version `normal'
(Font)                  OT1/cmss/m/n --> OT1/cmr/m/n on input line 24.
LaTeX Font Info:    Redeclaring math alphabet \mathbf on input line 24.
LaTeX Font Info:    Overwriting math alphabet `\mathbf' in version `normal'
(Font)                  OT1/cmr/bx/n --> OT1/cmss/b/n on input line 24.
LaTeX Font Info:    Overwriting math alphabet `\mathbf' in version `bold'
(Font)                  OT1/cmr/bx/n --> OT1/cmss/b/n on input line 24.
LaTeX Font Info:    Redeclaring math alphabet \mathsf on input line 24.
LaTeX Font Info:    Overwriting math alphabet `\mathsf' in version `normal'
(Font)                  OT1/cmss/m/n --> OT1/cmss/m/n on input line 24.
LaTeX Font Info:    Overwriting math alphabet `\mathsf' in version `bold'
(Font)                  OT1/cmss/bx/n --> OT1/cmss/m/n on input line 24.
LaTeX Font Info:    Redeclaring math alphabet \mathit on input line 24.
LaTeX Font Info:    Overwriting math alphabet `\mathit' in version `normal'
(Font)                  OT1/cmr/m/it --> OT1/cmss/m/it on input line 24.
LaTeX Font Info:    Overwriting math alphabet `\mathit' in version `bold'
(Font)                  OT1/cmr/bx/it --> OT1/cmss/m/it on input line 24.
LaTeX Font Info:    Redeclaring math alphabet \mathtt on input line 24.
LaTeX Font Info:    Overwriting math alphabet `\mathtt' in version `normal'
(Font)                  OT1/cmtt/m/n --> OT1/cmtt/m/n on input line 24.
LaTeX Font Info:    Overwriting math alphabet `\mathtt' in version `bold'
(Font)                  OT1/cmtt/m/n --> OT1/cmtt/m/n on input line 24.
LaTeX Font Info:    Overwriting symbol font `numbers' in version `bold'
(Font)                  OT1/cmss/m/n --> OT1/cmss/b/n on input line 24.
LaTeX Font Info:    Overwriting symbol font `pureletters' in version `bold'
(Font)                  OT1/cmss/m/it --> OT1/cmss/b/it on input line 24.
LaTeX Font Info:    Overwriting math alphabet `\mathrm' in version `bold'
(Font)                  OT1/cmss/b/n --> OT1/cmr/b/n on input line 24.
LaTeX Font Info:    Overwriting math alphabet `\mathbf' in version `bold'
(Font)                  OT1/cmss/b/n --> OT1/cmss/b/n on input line 24.
LaTeX Font Info:    Overwriting math alphabet `\mathsf' in version `bold'
(Font)                  OT1/cmss/m/n --> OT1/cmss/b/n on input line 24.
LaTeX Font Info:    Overwriting math alphabet `\mathit' in version `bold'
(Font)                  OT1/cmss/m/it --> OT1/cmss/b/it on input line 24.
LaTeX Font Info:    Overwriting math alphabet `\mathtt' in version `bold'
(Font)                  OT1/cmtt/m/n --> OT1/cmtt/b/n on input line 24.
LaTeX Font Info:    Redeclaring symbol font `pureletters' on input line 24.
LaTeX Font Info:    Overwriting symbol font `pureletters' in version `normal'
(Font)                  OT1/cmss/m/it --> OT1/mathkerncmss/m/sl on input line 24.
LaTeX Font Info:    Overwriting symbol font `pureletters' in version `bold'
(Font)                  OT1/cmss/b/it --> OT1/mathkerncmss/m/sl on input line 24.
LaTeX Font Info:    Overwriting symbol font `pureletters' in version `bold'
(Font)                  OT1/mathkerncmss/m/sl --> OT1/mathkerncmss/bx/sl on input line 24.
 ("C:\Users\micha\AppData\Local\Programs\MiKTeX 2.9\tex/latex/translator\translator-basic-dictionary-English.dict"
Dictionary: translator-basic-dictionary, Language: English 
) ("C:\Users\micha\AppData\Local\Programs\MiKTeX 2.9\tex/latex/translator\translator-bibliography-dictionary-English.dict"
Dictionary: translator-bibliography-dictionary, Language: English 
) ("C:\Users\micha\AppData\Local\Programs\MiKTeX 2.9\tex/latex/translator\translator-environment-dictionary-English.dict"
Dictionary: translator-environment-dictionary, Language: English 
) ("C:\Users\micha\AppData\Local\Programs\MiKTeX 2.9\tex/latex/translator\translator-months-dictionary-English.dict"
Dictionary: translator-months-dictionary, Language: English 
) ("C:\Users\micha\AppData\Local\Programs\MiKTeX 2.9\tex/latex/translator\translator-numbers-dictionary-English.dict"
Dictionary: translator-numbers-dictionary, Language: English 
) ("C:\Users\micha\AppData\Local\Programs\MiKTeX 2.9\tex/latex/translator\translator-theorem-dictionary-English.dict"
Dictionary: translator-theorem-dictionary, Language: English 
)
Package pgfplots notification 'compat/show suggested version=true': you might benefit from \pgfplotsset{compat=1.17} (current compat level: 1.9).

Package caption Info: Begin \AtBeginDocument code.
Package caption Info: End \AtBeginDocument code.

Package chemgreek Info: Activating mapping `default' on line 24.

(c:/Users\micha\Desktop\Research\Phys-437A\Presentation\Bouliane_Presentation.nav)
Overfull \vbox (16.67491pt too high) detected at line 25
 []

[1

{C:/Users/micha/AppData/Local/MiKTeX/2.9/pdftex/config/pdftex.map}] (c:/Users\micha\Desktop\Research\Phys-437A\Presentation\Bouliane_Presentation.toc) [2

]
LaTeX Font Info:    Trying to load font information for U+msa on input line 32.
 ("C:\Users\micha\AppData\Local\Programs\MiKTeX 2.9\tex/latex/amsfonts\umsa.fd"
File: umsa.fd 2013/01/14 v3.01 AMS symbols A
)
LaTeX Font Info:    Trying to load font information for U+msb on input line 32.
 ("C:\Users\micha\AppData\Local\Programs\MiKTeX 2.9\tex/latex/amsfonts\umsb.fd"
File: umsb.fd 2013/01/14 v3.01 AMS symbols B
)
LaTeX Font Info:    Trying to load font information for OT1+mathkerncmss on input line 32.
 ("C:\Users\micha\AppData\Local\Programs\MiKTeX 2.9\tex/latex/sansmathaccent\ot1mathkerncmss.fd"
File: ot1mathkerncmss.fd 2020/01/31 Fontinst v1.933 font definitions for OT1/mathkerncmss.
) [3

]
LaTeX Font Info:    Trying to load font information for TS1+cmss on input line 44.
 ("C:\Users\micha\AppData\Local\Programs\MiKTeX 2.9\tex/latex/base\ts1cmss.fd"
File: ts1cmss.fd 2019/12/16 v2.5j Standard LaTeX font definitions
)
Overfull \vbox (12.07806pt too high) detected at line 44
 []

[4

]
Overfull \vbox (12.07806pt too high) detected at line 57
 []

[5

]
<Figs/tubedesign.png, id=89, 555.07375pt x 343.2825pt>
File: Figs/tubedesign.png Graphic file (type png)
<use Figs/tubedesign.png>
Package pdftex.def Info: Figs/tubedesign.png  used on input line 62.
(pdftex.def)             Requested size: 249.78087pt x 154.4757pt.
 [6

 <c:/Users/micha/Desktop/Research/Phys-437A/Presentation/Figs/tubedesign.png (PNG copy)>] [7

] [8

] [9

]
<Figs/pulses.png, id=109, 1912.89656pt x 1732.22156pt>
File: Figs/pulses.png Graphic file (type png)
<use Figs/pulses.png>
Package pdftex.def Info: Figs/pulses.png  used on input line 89.
(pdftex.def)             Requested size: 267.8037pt x 242.50937pt.

Overfull \vbox (52.15518pt too high) detected at line 89
 []

[10

 <c:/Users/micha/Desktop/Research/Phys-437A/Presentation/Figs/pulses.png>] [11

] [12

]
<Figs/LGMGunOff.jpg, id=124, 433.62pt x 289.08pt>
File: Figs/LGMGunOff.jpg Graphic file (type jpg)
<use Figs/LGMGunOff.jpg>
Package pdftex.def Info: Figs/LGMGunOff.jpg  used on input line 111.
(pdftex.def)             Requested size: 195.1272pt x 130.0848pt.
<Figs/LGMGunOn.jpg, id=125, 433.62pt x 289.08pt>
File: Figs/LGMGunOn.jpg Graphic file (type jpg)
<use Figs/LGMGunOn.jpg>
Package pdftex.def Info: Figs/LGMGunOn.jpg  used on input line 111.
(pdftex.def)             Requested size: 195.1272pt x 130.0848pt.
 [13

 <c:/Users/micha/Desktop/Research/Phys-437A/Presentation/Figs/LGMGunOff.jpg> <c:/Users/micha/Desktop/Research/Phys-437A/Presentation/Figs/LGMGunOn.jpg>]
<Figs/RGMGunOff.jpg, id=132, 433.62pt x 289.08pt>
File: Figs/RGMGunOff.jpg Graphic file (type jpg)
<use Figs/RGMGunOff.jpg>
Package pdftex.def Info: Figs/RGMGunOff.jpg  used on input line 119.
(pdftex.def)             Requested size: 195.1272pt x 130.0848pt.
<Figs/RGMGunOn.jpg, id=133, 433.62pt x 289.08pt>
File: Figs/RGMGunOn.jpg Graphic file (type jpg)
<use Figs/RGMGunOn.jpg>
Package pdftex.def Info: Figs/RGMGunOn.jpg  used on input line 119.
(pdftex.def)             Requested size: 195.1272pt x 130.0848pt.
 [14

 <c:/Users/micha/Desktop/Research/Phys-437A/Presentation/Figs/RGMGunOff.jpg> <c:/Users/micha/Desktop/Research/Phys-437A/Presentation/Figs/RGMGunOn.jpg>]
<Figs/VB.jpg, id=139, 433.62pt x 289.08pt>
File: Figs/VB.jpg Graphic file (type jpg)
<use Figs/VB.jpg>
Package pdftex.def Info: Figs/VB.jpg  used on input line 124.
(pdftex.def)             Requested size: 325.2142pt x 216.80946pt.

Overfull \vbox (26.45528pt too high) detected at line 124
 []

[15

 <c:/Users/micha/Desktop/Research/Phys-437A/Presentation/Figs/VB.jpg>]
<Figs/LGMFinalNorm.jpg, id=145, 433.62pt x 289.08pt>
File: Figs/LGMFinalNorm.jpg Graphic file (type jpg)
<use Figs/LGMFinalNorm.jpg>
Package pdftex.def Info: Figs/LGMFinalNorm.jpg  used on input line 130.
(pdftex.def)             Requested size: 281.84966pt x 187.89977pt.

Overfull \vbox (16.5538pt too high) detected at line 130
 []

[16

 <c:/Users/micha/Desktop/Research/Phys-437A/Presentation/Figs/LGMFinalNorm.jpg>]
<Figs/Plots/LGM Waterfall.jpg, id=153, 264.21912pt x 225.4824pt>
File: Figs/Plots/LGM Waterfall.jpg Graphic file (type jpg)
<use Figs/Plots/LGM Waterfall.jpg>
Package pdftex.def Info: Figs/Plots/LGM Waterfall.jpg  used on input line 135.
(pdftex.def)             Requested size: 237.795pt x 202.93228pt.

Overfull \vbox (12.5781pt too high) detected at line 135
 []

[17

 <c:/Users/micha/Desktop/Research/Phys-437A/Presentation/Figs/Plots/LGM Waterfall.jpg>]
<Figs/RGMFinalNorm.jpg, id=159, 433.62pt x 289.08pt>
File: Figs/RGMFinalNorm.jpg Graphic file (type jpg)
<use Figs/RGMFinalNorm.jpg>
Package pdftex.def Info: Figs/RGMFinalNorm.jpg  used on input line 141.
(pdftex.def)             Requested size: 281.84966pt x 187.89977pt.

Overfull \vbox (16.5538pt too high) detected at line 141
 []

[18

 <c:/Users/micha/Desktop/Research/Phys-437A/Presentation/Figs/RGMFinalNorm.jpg>]
<Figs/Plots/RGM Waterfall.jpg, id=165, 264.36366pt x 229.38498pt>
File: Figs/Plots/RGM Waterfall.jpg Graphic file (type jpg)
<use Figs/Plots/RGM Waterfall.jpg>
Package pdftex.def Info: Figs/Plots/RGM Waterfall.jpg  used on input line 146.
(pdftex.def)             Requested size: 237.92508pt x 206.44455pt.

Overfull \vbox (16.09036pt too high) detected at line 146
 []

[19

 <c:/Users/micha/Desktop/Research/Phys-437A/Presentation/Figs/Plots/RGM Waterfall.jpg>] [20

]
\tf@nav=\write6
\openout6 = `Bouliane_Presentation.nav'.

\tf@toc=\write7
\openout7 = `Bouliane_Presentation.toc'.

\tf@snm=\write8
\openout8 = `Bouliane_Presentation.snm'.

Package atveryend Info: Empty hook `BeforeClearDocument' on input line 154.
Package atveryend Info: Empty hook `AfterLastShipout' on input line 154.
 (c:/Users\micha\Desktop\Research\Phys-437A\Presentation\Bouliane_Presentation.aux)
Package atveryend Info: Executing hook `AtVeryEndDocument' on input line 154.
Package atveryend Info: Executing hook `AtEndAfterFileList' on input line 154.
Package rerunfilecheck Info: File `Bouliane_Presentation.out' has not changed.
(rerunfilecheck)             Checksum: 009D6F54C60F32737EC130243A3612BF;461.
 ) 
Here is how much of TeX's memory you used:
 34407 strings out of 480934
 843234 string characters out of 2899917
 1182725 words of memory out of 3000000
 49490 multiletter control sequences out of 15000+200000
 545336 words of font info for 70 fonts, out of 3000000 for 9000
 1141 hyphenation exceptions out of 8191
 81i,13n,115p,1899b,773s stack positions out of 5000i,500n,10000p,200000b,50000s
{C:/Users/micha/AppData/Local/Programs/MiKTeX 2.9/fonts/enc/dvips/cm-super/cm-super-ts1.enc}<C:/Users/micha/AppData/Local/Programs/MiKTeX 2.9/fonts/type1/public/amsfonts/cm/cmss10.pfb><C:/Users/micha/AppData/Local/Programs/MiKTeX 2.9/fonts/type1/public/amsfonts/cm/cmss12.pfb><C:/Users/micha/AppData/Local/Programs/MiKTeX 2.9/fonts/type1/public/amsfonts/cm/cmss8.pfb><C:/Users/micha/AppData/Local/Programs/MiKTeX 2.9/fonts/type1/public/amsfonts/cm/cmssbx10.pfb><C:/Users/micha/AppData/Local/Programs/MiKTeX 2.9/fonts/type1/public/amsfonts/cm/cmssi10.pfb><C:/Users/micha/AppData/Local/Programs/MiKTeX 2.9/fonts/type1/public/amsfonts/cm/cmssi12.pfb><C:/Users/micha/AppData/Local/Programs/MiKTeX 2.9/fonts/type1/public/cm-super/sfss1200.pfb>
Output written on c:/Users\micha\Desktop\Research\Phys-437A\Presentation\Bouliane_Presentation.pdf (20 pages, 4863824 bytes).
PDF statistics:
 215 PDF objects out of 1000 (max. 8388607)
 49 named destinations out of 1000 (max. 500000)
 162 words of extra memory for PDF output out of 10000 (max. 10000000)

